#! /c/Source/iverilog-install/bin/vvp
:ivl_version "12.0 (devel)" "(s20150603-1539-g2693dd32b)";
:ivl_delay_selection "TYPICAL";
:vpi_time_precision + 0;
:vpi_module "C:\iverilog\lib\ivl\system.vpi";
:vpi_module "C:\iverilog\lib\ivl\vhdl_sys.vpi";
:vpi_module "C:\iverilog\lib\ivl\vhdl_textio.vpi";
:vpi_module "C:\iverilog\lib\ivl\v2005_math.vpi";
:vpi_module "C:\iverilog\lib\ivl\va_math.vpi";
S_000002f5d3a92d20 .scope module, "dff" "dff" 2 1;
 .timescale 0 0;
    .port_info 0 /INPUT 1 "D";
    .port_info 1 /INPUT 1 "reset";
    .port_info 2 /INPUT 1 "clk";
    .port_info 3 /OUTPUT 1 "q_bar";
    .port_info 4 /OUTPUT 1 "q";
L_000002f5d3a93130 .functor NOT 1, v000002f5d3a92f50_0, C4<0>, C4<0>, C4<0>;
o000002f5d3ac6fb8 .functor BUFZ 1, C4<z>; HiZ drive
v000002f5d3a93580_0 .net "D", 0 0, o000002f5d3ac6fb8;  0 drivers
o000002f5d3ac6fe8 .functor BUFZ 1, C4<z>; HiZ drive
v000002f5d3a92eb0_0 .net "clk", 0 0, o000002f5d3ac6fe8;  0 drivers
v000002f5d3a92f50_0 .var "q", 0 0;
v000002f5d3a92ff0_0 .net "q_bar", 0 0, L_000002f5d3a93130;  1 drivers
o000002f5d3ac7078 .functor BUFZ 1, C4<z>; HiZ drive
v000002f5d3a93090_0 .net "reset", 0 0, o000002f5d3ac7078;  0 drivers
E_000002f5d3ac4af0 .event posedge, v000002f5d3a93090_0, v000002f5d3a92eb0_0;
    .scope S_000002f5d3a92d20;
T_0 ;
    %wait E_000002f5d3ac4af0;
    %load/vec4 v000002f5d3a93090_0;
    %flag_set/vec4 8;
    %jmp/0xz  T_0.0, 8;
    %pushi/vec4 0, 0, 1;
    %assign/vec4 v000002f5d3a92f50_0, 0;
    %jmp T_0.1;
T_0.0 ;
    %load/vec4 v000002f5d3a93580_0;
    %assign/vec4 v000002f5d3a92f50_0, 0;
T_0.1 ;
    %jmp T_0;
    .thread T_0;
# The file index is used to find the file name in the following table.
:file_names 3;
    "N/A";
    "<interactive>";
    "dff.v";
